<?xml version="1.0" encoding="UTF-8"?>
<testsuite xmlns:xsi="http://www.w3.org/2001/XMLSchema-instance" xsi:noNamespaceSchemaLocation="https://maven.apache.org/surefire/maven-surefire-plugin/xsd/surefire-test-report.xsd" version="3.0.2" name="com.sudoers.elvitrinabackend.ElvitrinaBackendApplicationTests" time="11.135" tests="1" errors="0" skipped="0" failures="0">
  <properties>
    <property name="java.specification.version" value="20"/>
    <property name="sun.cpu.isalist" value="amd64"/>
    <property name="sun.jnu.encoding" value="Cp1252"/>
    <property name="java.class.path" value="C:\Users\meriem rehouma\OneDrive\Desktop\PI\El-Vitrina\elvitrina-backend\target\test-classes;C:\Users\meriem rehouma\OneDrive\Desktop\PI\El-Vitrina\elvitrina-backend\target\classes;C:\Users\meriem rehouma\.m2\repository\org\springframework\boot\spring-boot-starter-data-jpa\3.4.3\spring-boot-starter-data-jpa-3.4.3.jar;C:\Users\meriem rehouma\.m2\repository\org\springframework\boot\spring-boot-starter\3.4.3\spring-boot-starter-3.4.3.jar;C:\Users\meriem rehouma\.m2\repository\org\springframework\boot\spring-boot\3.4.3\spring-boot-3.4.3.jar;C:\Users\meriem rehouma\.m2\repository\org\springframework\boot\spring-boot-autoconfigure\3.4.3\spring-boot-autoconfigure-3.4.3.jar;C:\Users\meriem rehouma\.m2\repository\org\springframework\boot\spring-boot-starter-logging\3.4.3\spring-boot-starter-logging-3.4.3.jar;C:\Users\meriem rehouma\.m2\repository\ch\qos\logback\logback-classic\1.5.16\logback-classic-1.5.16.jar;C:\Users\meriem rehouma\.m2\repository\ch\qos\logback\logback-core\1.5.16\logback-core-1.5.16.jar;C:\Users\meriem rehouma\.m2\repository\org\apache\logging\log4j\log4j-to-slf4j\2.24.3\log4j-to-slf4j-2.24.3.jar;C:\Users\meriem rehouma\.m2\repository\org\apache\logging\log4j\log4j-api\2.24.3\log4j-api-2.24.3.jar;C:\Users\meriem rehouma\.m2\repository\org\slf4j\jul-to-slf4j\2.0.16\jul-to-slf4j-2.0.16.jar;C:\Users\meriem rehouma\.m2\repository\jakarta\annotation\jakarta.annotation-api\2.1.1\jakarta.annotation-api-2.1.1.jar;C:\Users\meriem rehouma\.m2\repository\org\yaml\snakeyaml\2.3\snakeyaml-2.3.jar;C:\Users\meriem rehouma\.m2\repository\org\springframework\boot\spring-boot-starter-jdbc\3.4.3\spring-boot-starter-jdbc-3.4.3.jar;C:\Users\meriem rehouma\.m2\repository\com\zaxxer\HikariCP\5.1.0\HikariCP-5.1.0.jar;C:\Users\meriem rehouma\.m2\repository\org\springframework\spring-jdbc\6.2.3\spring-jdbc-6.2.3.jar;C:\Users\meriem rehouma\.m2\repository\org\hibernate\orm\hibernate-core\6.6.8.Final\hibernate-core-6.6.8.Final.jar;C:\Users\meriem rehouma\.m2\repository\jakarta\persistence\jakarta.persistence-api\3.1.0\jakarta.persistence-api-3.1.0.jar;C:\Users\meriem rehouma\.m2\repository\jakarta\transaction\jakarta.transaction-api\2.0.1\jakarta.transaction-api-2.0.1.jar;C:\Users\meriem rehouma\.m2\repository\org\jboss\logging\jboss-logging\3.6.1.Final\jboss-logging-3.6.1.Final.jar;C:\Users\meriem rehouma\.m2\repository\org\hibernate\common\hibernate-commons-annotations\7.0.3.Final\hibernate-commons-annotations-7.0.3.Final.jar;C:\Users\meriem rehouma\.m2\repository\io\smallrye\jandex\3.2.0\jandex-3.2.0.jar;C:\Users\meriem rehouma\.m2\repository\com\fasterxml\classmate\1.7.0\classmate-1.7.0.jar;C:\Users\meriem rehouma\.m2\repository\net\bytebuddy\byte-buddy\1.15.11\byte-buddy-1.15.11.jar;C:\Users\meriem rehouma\.m2\repository\org\glassfish\jaxb\jaxb-runtime\4.0.5\jaxb-runtime-4.0.5.jar;C:\Users\meriem rehouma\.m2\repository\org\glassfish\jaxb\jaxb-core\4.0.5\jaxb-core-4.0.5.jar;C:\Users\meriem rehouma\.m2\repository\org\glassfish\jaxb\txw2\4.0.5\txw2-4.0.5.jar;C:\Users\meriem rehouma\.m2\repository\com\sun\istack\istack-commons-runtime\4.1.2\istack-commons-runtime-4.1.2.jar;C:\Users\meriem rehouma\.m2\repository\jakarta\inject\jakarta.inject-api\2.0.1\jakarta.inject-api-2.0.1.jar;C:\Users\meriem rehouma\.m2\repository\org\antlr\antlr4-runtime\4.13.0\antlr4-runtime-4.13.0.jar;C:\Users\meriem rehouma\.m2\repository\org\springframework\data\spring-data-jpa\3.4.3\spring-data-jpa-3.4.3.jar;C:\Users\meriem rehouma\.m2\repository\org\springframework\data\spring-data-commons\3.4.3\spring-data-commons-3.4.3.jar;C:\Users\meriem rehouma\.m2\repository\org\springframework\spring-orm\6.2.3\spring-orm-6.2.3.jar;C:\Users\meriem rehouma\.m2\repository\org\springframework\spring-context\6.2.3\spring-context-6.2.3.jar;C:\Users\meriem rehouma\.m2\repository\org\springframework\spring-aop\6.2.3\spring-aop-6.2.3.jar;C:\Users\meriem rehouma\.m2\repository\org\springframework\spring-tx\6.2.3\spring-tx-6.2.3.jar;C:\Users\meriem rehouma\.m2\repository\org\springframework\spring-beans\6.2.3\spring-beans-6.2.3.jar;C:\Users\meriem rehouma\.m2\repository\org\slf4j\slf4j-api\2.0.16\slf4j-api-2.0.16.jar;C:\Users\meriem rehouma\.m2\repository\org\springframework\spring-aspects\6.2.3\spring-aspects-6.2.3.jar;C:\Users\meriem rehouma\.m2\repository\org\aspectj\aspectjweaver\1.9.22.1\aspectjweaver-1.9.22.1.jar;C:\Users\meriem rehouma\.m2\repository\org\springframework\boot\spring-boot-starter-web\3.4.3\spring-boot-starter-web-3.4.3.jar;C:\Users\meriem rehouma\.m2\repository\org\springframework\boot\spring-boot-starter-json\3.4.3\spring-boot-starter-json-3.4.3.jar;C:\Users\meriem rehouma\.m2\repository\com\fasterxml\jackson\core\jackson-databind\2.18.2\jackson-databind-2.18.2.jar;C:\Users\meriem rehouma\.m2\repository\com\fasterxml\jackson\core\jackson-annotations\2.18.2\jackson-annotations-2.18.2.jar;C:\Users\meriem rehouma\.m2\repository\com\fasterxml\jackson\core\jackson-core\2.18.2\jackson-core-2.18.2.jar;C:\Users\meriem rehouma\.m2\repository\com\fasterxml\jackson\datatype\jackson-datatype-jdk8\2.18.2\jackson-datatype-jdk8-2.18.2.jar;C:\Users\meriem rehouma\.m2\repository\com\fasterxml\jackson\datatype\jackson-datatype-jsr310\2.18.2\jackson-datatype-jsr310-2.18.2.jar;C:\Users\meriem rehouma\.m2\repository\com\fasterxml\jackson\module\jackson-module-parameter-names\2.18.2\jackson-module-parameter-names-2.18.2.jar;C:\Users\meriem rehouma\.m2\repository\org\springframework\boot\spring-boot-starter-tomcat\3.4.3\spring-boot-starter-tomcat-3.4.3.jar;C:\Users\meriem rehouma\.m2\repository\org\apache\tomcat\embed\tomcat-embed-core\10.1.36\tomcat-embed-core-10.1.36.jar;C:\Users\meriem rehouma\.m2\repository\org\apache\tomcat\embed\tomcat-embed-websocket\10.1.36\tomcat-embed-websocket-10.1.36.jar;C:\Users\meriem rehouma\.m2\repository\org\springframework\spring-web\6.2.3\spring-web-6.2.3.jar;C:\Users\meriem rehouma\.m2\repository\io\micrometer\micrometer-observation\1.14.4\micrometer-observation-1.14.4.jar;C:\Users\meriem rehouma\.m2\repository\io\micrometer\micrometer-commons\1.14.4\micrometer-commons-1.14.4.jar;C:\Users\meriem rehouma\.m2\repository\org\springframework\spring-webmvc\6.2.3\spring-webmvc-6.2.3.jar;C:\Users\meriem rehouma\.m2\repository\org\springframework\spring-expression\6.2.3\spring-expression-6.2.3.jar;C:\Users\meriem rehouma\.m2\repository\com\mysql\mysql-connector-j\9.1.0\mysql-connector-j-9.1.0.jar;C:\Users\meriem rehouma\.m2\repository\org\projectlombok\lombok\1.18.36\lombok-1.18.36.jar;C:\Users\meriem rehouma\.m2\repository\org\springframework\boot\spring-boot-starter-mail\3.4.3\spring-boot-starter-mail-3.4.3.jar;C:\Users\meriem rehouma\.m2\repository\org\springframework\spring-context-support\6.2.3\spring-context-support-6.2.3.jar;C:\Users\meriem rehouma\.m2\repository\org\eclipse\angus\jakarta.mail\2.0.3\jakarta.mail-2.0.3.jar;C:\Users\meriem rehouma\.m2\repository\jakarta\activation\jakarta.activation-api\2.1.3\jakarta.activation-api-2.1.3.jar;C:\Users\meriem rehouma\.m2\repository\org\eclipse\angus\angus-activation\2.0.2\angus-activation-2.0.2.jar;C:\Users\meriem rehouma\.m2\repository\org\springframework\boot\spring-boot-starter-test\3.4.3\spring-boot-starter-test-3.4.3.jar;C:\Users\meriem rehouma\.m2\repository\org\springframework\boot\spring-boot-test\3.4.3\spring-boot-test-3.4.3.jar;C:\Users\meriem rehouma\.m2\repository\org\springframework\boot\spring-boot-test-autoconfigure\3.4.3\spring-boot-test-autoconfigure-3.4.3.jar;C:\Users\meriem rehouma\.m2\repository\com\jayway\jsonpath\json-path\2.9.0\json-path-2.9.0.jar;C:\Users\meriem rehouma\.m2\repository\jakarta\xml\bind\jakarta.xml.bind-api\4.0.2\jakarta.xml.bind-api-4.0.2.jar;C:\Users\meriem rehouma\.m2\repository\net\minidev\json-smart\2.5.2\json-smart-2.5.2.jar;C:\Users\meriem rehouma\.m2\repository\net\minidev\accessors-smart\2.5.2\accessors-smart-2.5.2.jar;C:\Users\meriem rehouma\.m2\repository\org\ow2\asm\asm\9.7.1\asm-9.7.1.jar;C:\Users\meriem rehouma\.m2\repository\org\assertj\assertj-core\3.26.3\assertj-core-3.26.3.jar;C:\Users\meriem rehouma\.m2\repository\org\awaitility\awaitility\4.2.2\awaitility-4.2.2.jar;C:\Users\meriem rehouma\.m2\repository\org\hamcrest\hamcrest\2.2\hamcrest-2.2.jar;C:\Users\meriem rehouma\.m2\repository\org\junit\jupiter\junit-jupiter\5.11.4\junit-jupiter-5.11.4.jar;C:\Users\meriem rehouma\.m2\repository\org\junit\jupiter\junit-jupiter-api\5.11.4\junit-jupiter-api-5.11.4.jar;C:\Users\meriem rehouma\.m2\repository\org\opentest4j\opentest4j\1.3.0\opentest4j-1.3.0.jar;C:\Users\meriem rehouma\.m2\repository\org\junit\platform\junit-platform-commons\1.11.4\junit-platform-commons-1.11.4.jar;C:\Users\meriem rehouma\.m2\repository\org\apiguardian\apiguardian-api\1.1.2\apiguardian-api-1.1.2.jar;C:\Users\meriem rehouma\.m2\repository\org\junit\jupiter\junit-jupiter-params\5.11.4\junit-jupiter-params-5.11.4.jar;C:\Users\meriem rehouma\.m2\repository\org\junit\jupiter\junit-jupiter-engine\5.11.4\junit-jupiter-engine-5.11.4.jar;C:\Users\meriem rehouma\.m2\repository\org\junit\platform\junit-platform-engine\1.11.4\junit-platform-engine-1.11.4.jar;C:\Users\meriem rehouma\.m2\repository\org\mockito\mockito-core\5.14.2\mockito-core-5.14.2.jar;C:\Users\meriem rehouma\.m2\repository\net\bytebuddy\byte-buddy-agent\1.15.11\byte-buddy-agent-1.15.11.jar;C:\Users\meriem rehouma\.m2\repository\org\objenesis\objenesis\3.3\objenesis-3.3.jar;C:\Users\meriem rehouma\.m2\repository\org\mockito\mockito-junit-jupiter\5.14.2\mockito-junit-jupiter-5.14.2.jar;C:\Users\meriem rehouma\.m2\repository\org\skyscreamer\jsonassert\1.5.3\jsonassert-1.5.3.jar;C:\Users\meriem rehouma\.m2\repository\com\vaadin\external\google\android-json\0.0.20131108.vaadin1\android-json-0.0.20131108.vaadin1.jar;C:\Users\meriem rehouma\.m2\repository\org\springframework\spring-core\6.2.3\spring-core-6.2.3.jar;C:\Users\meriem rehouma\.m2\repository\org\springframework\spring-jcl\6.2.3\spring-jcl-6.2.3.jar;C:\Users\meriem rehouma\.m2\repository\org\springframework\spring-test\6.2.3\spring-test-6.2.3.jar;C:\Users\meriem rehouma\.m2\repository\org\xmlunit\xmlunit-core\2.10.0\xmlunit-core-2.10.0.jar;C:\Users\meriem rehouma\.m2\repository\org\springframework\security\spring-security-test\6.4.3\spring-security-test-6.4.3.jar;C:\Users\meriem rehouma\.m2\repository\org\springframework\security\spring-security-core\6.4.3\spring-security-core-6.4.3.jar;C:\Users\meriem rehouma\.m2\repository\org\springframework\security\spring-security-crypto\6.4.3\spring-security-crypto-6.4.3.jar;C:\Users\meriem rehouma\.m2\repository\org\springframework\security\spring-security-web\6.4.3\spring-security-web-6.4.3.jar;C:\Users\meriem rehouma\.m2\repository\org\springframework\boot\spring-boot-starter-validation\3.4.3\spring-boot-starter-validation-3.4.3.jar;C:\Users\meriem rehouma\.m2\repository\org\apache\tomcat\embed\tomcat-embed-el\10.1.36\tomcat-embed-el-10.1.36.jar;C:\Users\meriem rehouma\.m2\repository\org\hibernate\validator\hibernate-validator\8.0.2.Final\hibernate-validator-8.0.2.Final.jar;C:\Users\meriem rehouma\.m2\repository\jakarta\validation\jakarta.validation-api\3.0.2\jakarta.validation-api-3.0.2.jar;C:\Users\meriem rehouma\.m2\repository\org\springdoc\springdoc-openapi-starter-webmvc-ui\2.1.0\springdoc-openapi-starter-webmvc-ui-2.1.0.jar;C:\Users\meriem rehouma\.m2\repository\org\springdoc\springdoc-openapi-starter-webmvc-api\2.1.0\springdoc-openapi-starter-webmvc-api-2.1.0.jar;C:\Users\meriem rehouma\.m2\repository\org\springdoc\springdoc-openapi-starter-common\2.1.0\springdoc-openapi-starter-common-2.1.0.jar;C:\Users\meriem rehouma\.m2\repository\io\swagger\core\v3\swagger-core-jakarta\2.2.9\swagger-core-jakarta-2.2.9.jar;C:\Users\meriem rehouma\.m2\repository\org\apache\commons\commons-lang3\3.17.0\commons-lang3-3.17.0.jar;C:\Users\meriem rehouma\.m2\repository\io\swagger\core\v3\swagger-annotations-jakarta\2.2.9\swagger-annotations-jakarta-2.2.9.jar;C:\Users\meriem rehouma\.m2\repository\io\swagger\core\v3\swagger-models-jakarta\2.2.9\swagger-models-jakarta-2.2.9.jar;C:\Users\meriem rehouma\.m2\repository\com\fasterxml\jackson\dataformat\jackson-dataformat-yaml\2.18.2\jackson-dataformat-yaml-2.18.2.jar;C:\Users\meriem rehouma\.m2\repository\org\webjars\swagger-ui\4.18.2\swagger-ui-4.18.2.jar;"/>
    <property name="java.vm.vendor" value="Oracle Corporation"/>
    <property name="sun.arch.data.model" value="64"/>
    <property name="user.variant" value=""/>
    <property name="java.vendor.url" value="https://java.oracle.com/"/>
    <property name="user.timezone" value="Africa/Tunis"/>
    <property name="org.jboss.logging.provider" value="slf4j"/>
    <property name="os.name" value="Windows 11"/>
    <property name="java.vm.specification.version" value="20"/>
    <property name="APPLICATION_NAME" value="elvitrina-backend"/>
    <property name="sun.java.launcher" value="SUN_STANDARD"/>
    <property name="user.country" value="GB"/>
    <property name="sun.boot.library.path" value="C:\Users\meriem rehouma\.jdks\openjdk-20.0.2\bin"/>
    <property name="sun.java.command" value="C:\Users\meriem rehouma\AppData\Local\Temp\surefire1292963433385147275\surefirebooter-20250313040008526_3.jar C:\Users\meriem rehouma\AppData\Local\Temp\surefire1292963433385147275 2025-03-13T04-00-08_292-jvmRun1 surefire-20250313040008526_1tmp surefire_0-20250313040008526_2tmp"/>
    <property name="jdk.debug" value="release"/>
    <property name="surefire.test.class.path" value="C:\Users\meriem rehouma\OneDrive\Desktop\PI\El-Vitrina\elvitrina-backend\target\test-classes;C:\Users\meriem rehouma\OneDrive\Desktop\PI\El-Vitrina\elvitrina-backend\target\classes;C:\Users\meriem rehouma\.m2\repository\org\springframework\boot\spring-boot-starter-data-jpa\3.4.3\spring-boot-starter-data-jpa-3.4.3.jar;C:\Users\meriem rehouma\.m2\repository\org\springframework\boot\spring-boot-starter\3.4.3\spring-boot-starter-3.4.3.jar;C:\Users\meriem rehouma\.m2\repository\org\springframework\boot\spring-boot\3.4.3\spring-boot-3.4.3.jar;C:\Users\meriem rehouma\.m2\repository\org\springframework\boot\spring-boot-autoconfigure\3.4.3\spring-boot-autoconfigure-3.4.3.jar;C:\Users\meriem rehouma\.m2\repository\org\springframework\boot\spring-boot-starter-logging\3.4.3\spring-boot-starter-logging-3.4.3.jar;C:\Users\meriem rehouma\.m2\repository\ch\qos\logback\logback-classic\1.5.16\logback-classic-1.5.16.jar;C:\Users\meriem rehouma\.m2\repository\ch\qos\logback\logback-core\1.5.16\logback-core-1.5.16.jar;C:\Users\meriem rehouma\.m2\repository\org\apache\logging\log4j\log4j-to-slf4j\2.24.3\log4j-to-slf4j-2.24.3.jar;C:\Users\meriem rehouma\.m2\repository\org\apache\logging\log4j\log4j-api\2.24.3\log4j-api-2.24.3.jar;C:\Users\meriem rehouma\.m2\repository\org\slf4j\jul-to-slf4j\2.0.16\jul-to-slf4j-2.0.16.jar;C:\Users\meriem rehouma\.m2\repository\jakarta\annotation\jakarta.annotation-api\2.1.1\jakarta.annotation-api-2.1.1.jar;C:\Users\meriem rehouma\.m2\repository\org\yaml\snakeyaml\2.3\snakeyaml-2.3.jar;C:\Users\meriem rehouma\.m2\repository\org\springframework\boot\spring-boot-starter-jdbc\3.4.3\spring-boot-starter-jdbc-3.4.3.jar;C:\Users\meriem rehouma\.m2\repository\com\zaxxer\HikariCP\5.1.0\HikariCP-5.1.0.jar;C:\Users\meriem rehouma\.m2\repository\org\springframework\spring-jdbc\6.2.3\spring-jdbc-6.2.3.jar;C:\Users\meriem rehouma\.m2\repository\org\hibernate\orm\hibernate-core\6.6.8.Final\hibernate-core-6.6.8.Final.jar;C:\Users\meriem rehouma\.m2\repository\jakarta\persistence\jakarta.persistence-api\3.1.0\jakarta.persistence-api-3.1.0.jar;C:\Users\meriem rehouma\.m2\repository\jakarta\transaction\jakarta.transaction-api\2.0.1\jakarta.transaction-api-2.0.1.jar;C:\Users\meriem rehouma\.m2\repository\org\jboss\logging\jboss-logging\3.6.1.Final\jboss-logging-3.6.1.Final.jar;C:\Users\meriem rehouma\.m2\repository\org\hibernate\common\hibernate-commons-annotations\7.0.3.Final\hibernate-commons-annotations-7.0.3.Final.jar;C:\Users\meriem rehouma\.m2\repository\io\smallrye\jandex\3.2.0\jandex-3.2.0.jar;C:\Users\meriem rehouma\.m2\repository\com\fasterxml\classmate\1.7.0\classmate-1.7.0.jar;C:\Users\meriem rehouma\.m2\repository\net\bytebuddy\byte-buddy\1.15.11\byte-buddy-1.15.11.jar;C:\Users\meriem rehouma\.m2\repository\org\glassfish\jaxb\jaxb-runtime\4.0.5\jaxb-runtime-4.0.5.jar;C:\Users\meriem rehouma\.m2\repository\org\glassfish\jaxb\jaxb-core\4.0.5\jaxb-core-4.0.5.jar;C:\Users\meriem rehouma\.m2\repository\org\glassfish\jaxb\txw2\4.0.5\txw2-4.0.5.jar;C:\Users\meriem rehouma\.m2\repository\com\sun\istack\istack-commons-runtime\4.1.2\istack-commons-runtime-4.1.2.jar;C:\Users\meriem rehouma\.m2\repository\jakarta\inject\jakarta.inject-api\2.0.1\jakarta.inject-api-2.0.1.jar;C:\Users\meriem rehouma\.m2\repository\org\antlr\antlr4-runtime\4.13.0\antlr4-runtime-4.13.0.jar;C:\Users\meriem rehouma\.m2\repository\org\springframework\data\spring-data-jpa\3.4.3\spring-data-jpa-3.4.3.jar;C:\Users\meriem rehouma\.m2\repository\org\springframework\data\spring-data-commons\3.4.3\spring-data-commons-3.4.3.jar;C:\Users\meriem rehouma\.m2\repository\org\springframework\spring-orm\6.2.3\spring-orm-6.2.3.jar;C:\Users\meriem rehouma\.m2\repository\org\springframework\spring-context\6.2.3\spring-context-6.2.3.jar;C:\Users\meriem rehouma\.m2\repository\org\springframework\spring-aop\6.2.3\spring-aop-6.2.3.jar;C:\Users\meriem rehouma\.m2\repository\org\springframework\spring-tx\6.2.3\spring-tx-6.2.3.jar;C:\Users\meriem rehouma\.m2\repository\org\springframework\spring-beans\6.2.3\spring-beans-6.2.3.jar;C:\Users\meriem rehouma\.m2\repository\org\slf4j\slf4j-api\2.0.16\slf4j-api-2.0.16.jar;C:\Users\meriem rehouma\.m2\repository\org\springframework\spring-aspects\6.2.3\spring-aspects-6.2.3.jar;C:\Users\meriem rehouma\.m2\repository\org\aspectj\aspectjweaver\1.9.22.1\aspectjweaver-1.9.22.1.jar;C:\Users\meriem rehouma\.m2\repository\org\springframework\boot\spring-boot-starter-web\3.4.3\spring-boot-starter-web-3.4.3.jar;C:\Users\meriem rehouma\.m2\repository\org\springframework\boot\spring-boot-starter-json\3.4.3\spring-boot-starter-json-3.4.3.jar;C:\Users\meriem rehouma\.m2\repository\com\fasterxml\jackson\core\jackson-databind\2.18.2\jackson-databind-2.18.2.jar;C:\Users\meriem rehouma\.m2\repository\com\fasterxml\jackson\core\jackson-annotations\2.18.2\jackson-annotations-2.18.2.jar;C:\Users\meriem rehouma\.m2\repository\com\fasterxml\jackson\core\jackson-core\2.18.2\jackson-core-2.18.2.jar;C:\Users\meriem rehouma\.m2\repository\com\fasterxml\jackson\datatype\jackson-datatype-jdk8\2.18.2\jackson-datatype-jdk8-2.18.2.jar;C:\Users\meriem rehouma\.m2\repository\com\fasterxml\jackson\datatype\jackson-datatype-jsr310\2.18.2\jackson-datatype-jsr310-2.18.2.jar;C:\Users\meriem rehouma\.m2\repository\com\fasterxml\jackson\module\jackson-module-parameter-names\2.18.2\jackson-module-parameter-names-2.18.2.jar;C:\Users\meriem rehouma\.m2\repository\org\springframework\boot\spring-boot-starter-tomcat\3.4.3\spring-boot-starter-tomcat-3.4.3.jar;C:\Users\meriem rehouma\.m2\repository\org\apache\tomcat\embed\tomcat-embed-core\10.1.36\tomcat-embed-core-10.1.36.jar;C:\Users\meriem rehouma\.m2\repository\org\apache\tomcat\embed\tomcat-embed-websocket\10.1.36\tomcat-embed-websocket-10.1.36.jar;C:\Users\meriem rehouma\.m2\repository\org\springframework\spring-web\6.2.3\spring-web-6.2.3.jar;C:\Users\meriem rehouma\.m2\repository\io\micrometer\micrometer-observation\1.14.4\micrometer-observation-1.14.4.jar;C:\Users\meriem rehouma\.m2\repository\io\micrometer\micrometer-commons\1.14.4\micrometer-commons-1.14.4.jar;C:\Users\meriem rehouma\.m2\repository\org\springframework\spring-webmvc\6.2.3\spring-webmvc-6.2.3.jar;C:\Users\meriem rehouma\.m2\repository\org\springframework\spring-expression\6.2.3\spring-expression-6.2.3.jar;C:\Users\meriem rehouma\.m2\repository\com\mysql\mysql-connector-j\9.1.0\mysql-connector-j-9.1.0.jar;C:\Users\meriem rehouma\.m2\repository\org\projectlombok\lombok\1.18.36\lombok-1.18.36.jar;C:\Users\meriem rehouma\.m2\repository\org\springframework\boot\spring-boot-starter-mail\3.4.3\spring-boot-starter-mail-3.4.3.jar;C:\Users\meriem rehouma\.m2\repository\org\springframework\spring-context-support\6.2.3\spring-context-support-6.2.3.jar;C:\Users\meriem rehouma\.m2\repository\org\eclipse\angus\jakarta.mail\2.0.3\jakarta.mail-2.0.3.jar;C:\Users\meriem rehouma\.m2\repository\jakarta\activation\jakarta.activation-api\2.1.3\jakarta.activation-api-2.1.3.jar;C:\Users\meriem rehouma\.m2\repository\org\eclipse\angus\angus-activation\2.0.2\angus-activation-2.0.2.jar;C:\Users\meriem rehouma\.m2\repository\org\springframework\boot\spring-boot-starter-test\3.4.3\spring-boot-starter-test-3.4.3.jar;C:\Users\meriem rehouma\.m2\repository\org\springframework\boot\spring-boot-test\3.4.3\spring-boot-test-3.4.3.jar;C:\Users\meriem rehouma\.m2\repository\org\springframework\boot\spring-boot-test-autoconfigure\3.4.3\spring-boot-test-autoconfigure-3.4.3.jar;C:\Users\meriem rehouma\.m2\repository\com\jayway\jsonpath\json-path\2.9.0\json-path-2.9.0.jar;C:\Users\meriem rehouma\.m2\repository\jakarta\xml\bind\jakarta.xml.bind-api\4.0.2\jakarta.xml.bind-api-4.0.2.jar;C:\Users\meriem rehouma\.m2\repository\net\minidev\json-smart\2.5.2\json-smart-2.5.2.jar;C:\Users\meriem rehouma\.m2\repository\net\minidev\accessors-smart\2.5.2\accessors-smart-2.5.2.jar;C:\Users\meriem rehouma\.m2\repository\org\ow2\asm\asm\9.7.1\asm-9.7.1.jar;C:\Users\meriem rehouma\.m2\repository\org\assertj\assertj-core\3.26.3\assertj-core-3.26.3.jar;C:\Users\meriem rehouma\.m2\repository\org\awaitility\awaitility\4.2.2\awaitility-4.2.2.jar;C:\Users\meriem rehouma\.m2\repository\org\hamcrest\hamcrest\2.2\hamcrest-2.2.jar;C:\Users\meriem rehouma\.m2\repository\org\junit\jupiter\junit-jupiter\5.11.4\junit-jupiter-5.11.4.jar;C:\Users\meriem rehouma\.m2\repository\org\junit\jupiter\junit-jupiter-api\5.11.4\junit-jupiter-api-5.11.4.jar;C:\Users\meriem rehouma\.m2\repository\org\opentest4j\opentest4j\1.3.0\opentest4j-1.3.0.jar;C:\Users\meriem rehouma\.m2\repository\org\junit\platform\junit-platform-commons\1.11.4\junit-platform-commons-1.11.4.jar;C:\Users\meriem rehouma\.m2\repository\org\apiguardian\apiguardian-api\1.1.2\apiguardian-api-1.1.2.jar;C:\Users\meriem rehouma\.m2\repository\org\junit\jupiter\junit-jupiter-params\5.11.4\junit-jupiter-params-5.11.4.jar;C:\Users\meriem rehouma\.m2\repository\org\junit\jupiter\junit-jupiter-engine\5.11.4\junit-jupiter-engine-5.11.4.jar;C:\Users\meriem rehouma\.m2\repository\org\junit\platform\junit-platform-engine\1.11.4\junit-platform-engine-1.11.4.jar;C:\Users\meriem rehouma\.m2\repository\org\mockito\mockito-core\5.14.2\mockito-core-5.14.2.jar;C:\Users\meriem rehouma\.m2\repository\net\bytebuddy\byte-buddy-agent\1.15.11\byte-buddy-agent-1.15.11.jar;C:\Users\meriem rehouma\.m2\repository\org\objenesis\objenesis\3.3\objenesis-3.3.jar;C:\Users\meriem rehouma\.m2\repository\org\mockito\mockito-junit-jupiter\5.14.2\mockito-junit-jupiter-5.14.2.jar;C:\Users\meriem rehouma\.m2\repository\org\skyscreamer\jsonassert\1.5.3\jsonassert-1.5.3.jar;C:\Users\meriem rehouma\.m2\repository\com\vaadin\external\google\android-json\0.0.20131108.vaadin1\android-json-0.0.20131108.vaadin1.jar;C:\Users\meriem rehouma\.m2\repository\org\springframework\spring-core\6.2.3\spring-core-6.2.3.jar;C:\Users\meriem rehouma\.m2\repository\org\springframework\spring-jcl\6.2.3\spring-jcl-6.2.3.jar;C:\Users\meriem rehouma\.m2\repository\org\springframework\spring-test\6.2.3\spring-test-6.2.3.jar;C:\Users\meriem rehouma\.m2\repository\org\xmlunit\xmlunit-core\2.10.0\xmlunit-core-2.10.0.jar;C:\Users\meriem rehouma\.m2\repository\org\springframework\security\spring-security-test\6.4.3\spring-security-test-6.4.3.jar;C:\Users\meriem rehouma\.m2\repository\org\springframework\security\spring-security-core\6.4.3\spring-security-core-6.4.3.jar;C:\Users\meriem rehouma\.m2\repository\org\springframework\security\spring-security-crypto\6.4.3\spring-security-crypto-6.4.3.jar;C:\Users\meriem rehouma\.m2\repository\org\springframework\security\spring-security-web\6.4.3\spring-security-web-6.4.3.jar;C:\Users\meriem rehouma\.m2\repository\org\springframework\boot\spring-boot-starter-validation\3.4.3\spring-boot-starter-validation-3.4.3.jar;C:\Users\meriem rehouma\.m2\repository\org\apache\tomcat\embed\tomcat-embed-el\10.1.36\tomcat-embed-el-10.1.36.jar;C:\Users\meriem rehouma\.m2\repository\org\hibernate\validator\hibernate-validator\8.0.2.Final\hibernate-validator-8.0.2.Final.jar;C:\Users\meriem rehouma\.m2\repository\jakarta\validation\jakarta.validation-api\3.0.2\jakarta.validation-api-3.0.2.jar;C:\Users\meriem rehouma\.m2\repository\org\springdoc\springdoc-openapi-starter-webmvc-ui\2.1.0\springdoc-openapi-starter-webmvc-ui-2.1.0.jar;C:\Users\meriem rehouma\.m2\repository\org\springdoc\springdoc-openapi-starter-webmvc-api\2.1.0\springdoc-openapi-starter-webmvc-api-2.1.0.jar;C:\Users\meriem rehouma\.m2\repository\org\springdoc\springdoc-openapi-starter-common\2.1.0\springdoc-openapi-starter-common-2.1.0.jar;C:\Users\meriem rehouma\.m2\repository\io\swagger\core\v3\swagger-core-jakarta\2.2.9\swagger-core-jakarta-2.2.9.jar;C:\Users\meriem rehouma\.m2\repository\org\apache\commons\commons-lang3\3.17.0\commons-lang3-3.17.0.jar;C:\Users\meriem rehouma\.m2\repository\io\swagger\core\v3\swagger-annotations-jakarta\2.2.9\swagger-annotations-jakarta-2.2.9.jar;C:\Users\meriem rehouma\.m2\repository\io\swagger\core\v3\swagger-models-jakarta\2.2.9\swagger-models-jakarta-2.2.9.jar;C:\Users\meriem rehouma\.m2\repository\com\fasterxml\jackson\dataformat\jackson-dataformat-yaml\2.18.2\jackson-dataformat-yaml-2.18.2.jar;C:\Users\meriem rehouma\.m2\repository\org\webjars\swagger-ui\4.18.2\swagger-ui-4.18.2.jar;"/>
    <property name="sun.cpu.endian" value="little"/>
    <property name="user.home" value="C:\Users\meriem rehouma"/>
    <property name="user.language" value="en"/>
    <property name="java.specification.vendor" value="Oracle Corporation"/>
    <property name="java.version.date" value="2023-07-18"/>
    <property name="java.home" value="C:\Users\meriem rehouma\.jdks\openjdk-20.0.2"/>
    <property name="file.separator" value="\"/>
    <property name="basedir" value="C:\Users\meriem rehouma\OneDrive\Desktop\PI\El-Vitrina\elvitrina-backend"/>
    <property name="java.vm.compressedOopsMode" value="Zero based"/>
    <property name="line.separator" value="&#10;"/>
    <property name="java.vm.specification.vendor" value="Oracle Corporation"/>
    <property name="java.specification.name" value="Java Platform API Specification"/>
    <property name="FILE_LOG_CHARSET" value="UTF-8"/>
    <property name="java.awt.headless" value="true"/>
    <property name="surefire.real.class.path" value="C:\Users\meriem rehouma\AppData\Local\Temp\surefire1292963433385147275\surefirebooter-20250313040008526_3.jar"/>
    <property name="user.script" value=""/>
    <property name="sun.management.compiler" value="HotSpot 64-Bit Tiered Compilers"/>
    <property name="java.runtime.version" value="20.0.2+9-78"/>
    <property name="user.name" value="meriem rehouma"/>
    <property name="stdout.encoding" value="Cp1252"/>
    <property name="path.separator" value=";"/>
    <property name="os.version" value="10.0"/>
    <property name="java.runtime.name" value="OpenJDK Runtime Environment"/>
    <property name="file.encoding" value="UTF-8"/>
    <property name="java.vm.name" value="OpenJDK 64-Bit Server VM"/>
    <property name="localRepository" value="C:\Users\meriem rehouma\.m2\repository"/>
    <property name="java.vendor.url.bug" value="https://bugreport.java.com/bugreport/"/>
    <property name="java.io.tmpdir" value="C:\Users\MERIEM~1\AppData\Local\Temp\"/>
    <property name="idea.version" value="2023.2.2"/>
    <property name="com.zaxxer.hikari.pool_number" value="1"/>
    <property name="java.version" value="20.0.2"/>
    <property name="user.dir" value="C:\Users\meriem rehouma\OneDrive\Desktop\PI\El-Vitrina\elvitrina-backend"/>
    <property name="os.arch" value="amd64"/>
    <property name="java.vm.specification.name" value="Java Virtual Machine Specification"/>
    <property name="PID" value="18440"/>
    <property name="sun.os.patch.level" value=""/>
    <property name="CONSOLE_LOG_CHARSET" value="UTF-8"/>
    <property name="native.encoding" value="Cp1252"/>
    <property name="java.library.path" value="C:\Users\meriem rehouma\.jdks\openjdk-20.0.2\bin;C:\WINDOWS\Sun\Java\bin;C:\WINDOWS\system32;C:\WINDOWS;C:\Program Files\Common Files\Oracle\Java\javapath;C:\oraclexe\app\oracle\product\11.2.0\server\bin;;C:\Program Files (x86)\VMware\VMware Workstation\bin\;C:\WINDOWS\system32;C:\WINDOWS;C:\WINDOWS\System32\Wbem;C:\WINDOWS\System32\WindowsPowerShell\v1.0\;C:\WINDOWS\System32\OpenSSH\;C:\ProgramData\chocolatey\bin;C:\xampp\php;C:\composer;C:\Program Files\Git\cmd;C:\Program Files (x86)\Microsoft Group Policy\Windows 10 October 2022 Update (22H2)\PolicyDefinitions\;C:\Program Files\nodejs\;C:\Program Files\Microsoft SQL Server\150\Tools\Binn\;C:\Program Files\Microsoft SQL Server\Client SDK\ODBC\170\Tools\Binn\;C:\Program Files\dotnet\;C:\Program Files\MySQL\MySQL Shell 8.0\bin\;C:\Users\meriem rehouma\scoop\shims;C:\Users\meriem rehouma\AppData\Local\Microsoft\WindowsApps;C:\Program Files\JetBrains\IntelliJ IDEA 2023.2.2\bin;;C:\Users\meriem rehouma\AppData\Local\Programs\Microsoft VS Code\bin;C:\Users\meriem rehouma\AppData\Roaming\Composer\vendor\bin;C:\Users\meriem rehouma\AppData\Roaming\npm;C:\Users\meriem rehouma\.dotnet\tools;;."/>
    <property name="java.vm.info" value="mixed mode, sharing"/>
    <property name="stderr.encoding" value="Cp1252"/>
    <property name="java.vendor" value="Oracle Corporation"/>
    <property name="java.vm.version" value="20.0.2+9-78"/>
    <property name="sun.io.unicode.encoding" value="UnicodeLittle"/>
    <property name="java.class.version" value="64.0"/>
    <property name="LOGGED_APPLICATION_NAME" value="[elvitrina-backend] "/>
  </properties>
  <testcase name="contextLoads" classname="com.sudoers.elvitrinabackend.ElvitrinaBackendApplicationTests" time="0.519">
    <system-out><![CDATA[04:00:09.601 [main] INFO org.springframework.test.context.support.AnnotationConfigContextLoaderUtils -- Could not detect default configuration classes for test class [com.sudoers.elvitrinabackend.ElvitrinaBackendApplicationTests]: ElvitrinaBackendApplicationTests does not declare any static, non-private, non-final, nested classes annotated with @Configuration.
04:00:09.818 [main] INFO org.springframework.boot.test.context.SpringBootTestContextBootstrapper -- Found @SpringBootConfiguration com.sudoers.elvitrinabackend.ElvitrinaBackendApplication for test class com.sudoers.elvitrinabackend.ElvitrinaBackendApplicationTests

  .   ____          _            __ _ _
 /\\ / ___'_ __ _ _(_)_ __  __ _ \ \ \ \
( ( )\___ | '_ | '_| | '_ \/ _` | \ \ \ \
 \\/  ___)| |_)| | | | | || (_| |  ) ) ) )
  '  |____| .__|_| |_|_| |_\__, | / / / /
 =========|_|==============|___/=/_/_/_/

 :: Spring Boot ::                (v3.4.3)

2025-03-13T04:00:10.413+01:00  INFO 18440 --- [elvitrina-backend] [           main] c.s.e.ElvitrinaBackendApplicationTests   : Starting ElvitrinaBackendApplicationTests using Java 20.0.2 with PID 18440 (started by meriem rehouma in C:\Users\meriem rehouma\OneDrive\Desktop\PI\El-Vitrina\elvitrina-backend)
2025-03-13T04:00:10.415+01:00  INFO 18440 --- [elvitrina-backend] [           main] c.s.e.ElvitrinaBackendApplicationTests   : No active profile set, falling back to 1 default profile: "default"
2025-03-13T04:00:11.820+01:00  INFO 18440 --- [elvitrina-backend] [           main] .s.d.r.c.RepositoryConfigurationDelegate : Bootstrapping Spring Data JPA repositories in DEFAULT mode.
2025-03-13T04:00:11.979+01:00  INFO 18440 --- [elvitrina-backend] [           main] .s.d.r.c.RepositoryConfigurationDelegate : Finished Spring Data repository scanning in 147 ms. Found 25 JPA repository interfaces.
2025-03-13T04:00:12.806+01:00  INFO 18440 --- [elvitrina-backend] [           main] o.hibernate.jpa.internal.util.LogHelper  : HHH000204: Processing PersistenceUnitInfo [name: default]
2025-03-13T04:00:12.877+01:00  INFO 18440 --- [elvitrina-backend] [           main] org.hibernate.Version                    : HHH000412: Hibernate ORM core version 6.6.8.Final
2025-03-13T04:00:12.918+01:00  INFO 18440 --- [elvitrina-backend] [           main] o.h.c.internal.RegionFactoryInitiator    : HHH000026: Second-level cache disabled
2025-03-13T04:00:13.380+01:00  INFO 18440 --- [elvitrina-backend] [           main] o.s.o.j.p.SpringPersistenceUnitInfo      : No LoadTimeWeaver setup: ignoring JPA class transformer
2025-03-13T04:00:13.422+01:00  INFO 18440 --- [elvitrina-backend] [           main] com.zaxxer.hikari.HikariDataSource       : HikariPool-1 - Starting...
2025-03-13T04:00:13.654+01:00  INFO 18440 --- [elvitrina-backend] [           main] com.zaxxer.hikari.pool.HikariPool        : HikariPool-1 - Added connection com.mysql.cj.jdbc.ConnectionImpl@6cd66f6a
2025-03-13T04:00:13.656+01:00  INFO 18440 --- [elvitrina-backend] [           main] com.zaxxer.hikari.HikariDataSource       : HikariPool-1 - Start completed.
2025-03-13T04:00:13.735+01:00  INFO 18440 --- [elvitrina-backend] [           main] org.hibernate.orm.connections.pooling    : HHH10001005: Database info:
	Database JDBC URL [Connecting through datasource 'HikariDataSource (HikariPool-1)']
	Database driver: undefined/unknown
	Database version: 8.0.41
	Autocommit mode: undefined/unknown
	Isolation level: undefined/unknown
	Minimum pool size: undefined/unknown
	Maximum pool size: undefined/unknown
2025-03-13T04:00:15.513+01:00  INFO 18440 --- [elvitrina-backend] [           main] o.h.e.t.j.p.i.JtaPlatformInitiator       : HHH000489: No JTA platform available (set 'hibernate.transaction.jta.platform' to enable JTA platform integration)
Hibernate: alter table advertisement drop foreign key FKlc8246b7b883gh953fosxl6o0
Hibernate: alter table advertisement drop foreign key FKbg661exossj2wx8tww3099nkj
Hibernate: alter table advertisement_images drop foreign key FKkwn6stwa2iyvqyctpoikpn61i
Hibernate: alter table blog_post drop foreign key FK7vg0q5xiixc6i1m14dx0h5n49
Hibernate: alter table comment drop foreign key FKohk8fcecowxj55oas8aw8njl1
Hibernate: alter table comment drop foreign key FKhvh0e2ybgg16bpu229a5teje7
Hibernate: alter table comment drop foreign key FK8kcum44fvpupyw6f5baccx25c
Hibernate: alter table creator drop foreign key FK17see319eydtuufy6pcwkexls
Hibernate: alter table custom_order drop foreign key FK2sfv9s4gvqvwah6eqxvkp2gq7
Hibernate: alter table custom_order drop foreign key FK80880p7a5fux4uqir228583px
Hibernate: alter table donation drop foreign key FKacgxl0ekdjv07alhn27t6gfq
Hibernate: alter table donation drop foreign key FK1ad6q05g0du7naqhu1vulpcem
Hibernate: alter table donation drop foreign key FK2rx4oikd7rs8ddja8k9xc25my
Hibernate: alter table donation_campaign drop foreign key FKnwj3f30rxkmjpjn3cut0lysba
Hibernate: alter table donation_campaign drop foreign key FKqq6mvtdgbjtkgxeocpatjsfo7
Hibernate: alter table donor_reward drop foreign key FKeutmcahuxhk8wc4q416koia1n
Hibernate: alter table event_participant drop foreign key FKhwcglexuoexhrbe9728pn6jqb
Hibernate: alter table event_participant drop foreign key FKjdp1ragarm4g3hw8cmpyg2dks
Hibernate: alter table event_ticket drop foreign key FKm0e11ys126t72i100bc6n5g0d
Hibernate: alter table formation drop foreign key FKe0ycl23hfhch3dfdg3uehwhdt
Hibernate: alter table notification_users drop foreign key FK1d63mdcn4g9nwnxmnbr6yhrii
Hibernate: alter table notification_users drop foreign key FKelmgqt2scbo9m72urw21d4kpa
Hibernate: alter table offer drop foreign key FKo0rdvexlxmyakcvw8b5aqidlk
Hibernate: alter table order_product drop foreign key FKhnfgqyjx3i80qoymrssls3kno
Hibernate: alter table order_product drop foreign key FK7yu5is00od0guwxrbmho1q453
Hibernate: alter table product drop foreign key FKjlfidudl1gwqem0flrlomvlcl
Hibernate: alter table product_images drop foreign key FKhrvh0hklwgllpdjlra6hx7p9u
Hibernate: alter table proposal_perso drop foreign key FKk278en1hl5wygir7p8y9ceg7k
Hibernate: alter table question drop foreign key FKb0yh0c1qaxfwlcnwo9dms2txf
Hibernate: alter table quiz drop foreign key FK1tofsm1qynhakggx7ttqh8ihu
Hibernate: alter table request_perso drop foreign key FKfitb2vyvn0gxatcytji2axksh
Hibernate: alter table response drop foreign key FK3e7adco6sq6onricr8s3glu62
Hibernate: alter table store drop foreign key FKn82wpcqrb21yddap4s3ttwnxj
Hibernate: alter table store_feedback drop foreign key FKn1psembv5g5qsfh62lloil5n0
Hibernate: alter table store_feedback drop foreign key FKpwaefliewstt32dhnanbdu183
Hibernate: alter table virtual_event drop foreign key FKmwy5hawbrctcq3g3xqbj873mf
Hibernate: alter table virtual_event drop foreign key FKha82ok66way2x0xpybtsn0qk0
Hibernate: drop table if exists advertisement
Hibernate: drop table if exists advertisement_images
Hibernate: drop table if exists app_feedback
Hibernate: drop table if exists blog_post
Hibernate: drop table if exists comment
Hibernate: drop table if exists creator
Hibernate: drop table if exists custom_order
Hibernate: drop table if exists donation
Hibernate: drop table if exists donation_campaign
Hibernate: drop table if exists donor_reward
Hibernate: drop table if exists event_participant
Hibernate: drop table if exists event_ticket
Hibernate: drop table if exists formation
Hibernate: drop table if exists notification
Hibernate: drop table if exists notification_users
Hibernate: drop table if exists offer
Hibernate: drop table if exists order_product
Hibernate: drop table if exists payment
Hibernate: drop table if exists product
Hibernate: drop table if exists product_images
Hibernate: drop table if exists proposal_perso
Hibernate: drop table if exists question
Hibernate: drop table if exists quiz
Hibernate: drop table if exists request_perso
Hibernate: drop table if exists response
Hibernate: drop table if exists store
Hibernate: drop table if exists store_feedback
Hibernate: drop table if exists user
Hibernate: drop table if exists virtual_event
Hibernate: create table advertisement (budget float(53) not null, clicks integer not null, impressions integer not null, ad_id bigint not null auto_increment, creator_id bigint not null, end_date datetime(6) not null, start_date datetime(6) not null, store_id bigint not null, timestamp datetime(6) not null, status varchar(50) not null, title varchar(100) not null, content varchar(500) not null, video_url varchar(255), primary key (ad_id)) engine=InnoDB
Hibernate: create table advertisement_images (advertisement_ad_id bigint not null, images varchar(255)) engine=InnoDB
Hibernate: create table app_feedback (created_at datetime(6), id bigint not null auto_increment, contact_email varchar(100), comment varchar(1000) not null, app_feedback_type enum ('BUG_REPORT','FEATURE_REQUEST','GENERAL','PERFORMANCE','USER_EXPERIENCE'), primary key (id)) engine=InnoDB
Hibernate: create table blog_post (reaction_number integer not null, status bit not null, created_at datetime(6), id bigint not null auto_increment, updated_at datetime(6), user_id bigint, content varchar(255), image varchar(255), tag varchar(255), title varchar(255), reaction enum ('ANGRY','HAHA','LIKE','LOVE','SAD','WOW'), primary key (id)) engine=InnoDB
Hibernate: create table comment (blog_post_id bigint, created_at datetime(6), id bigint not null auto_increment, modified_at datetime(6), parent_comment_id bigint, user_id bigint not null, content varchar(255), primary key (id)) engine=InnoDB
Hibernate: create table creator (commission_rate float(53) not null, creator_id bigint not null auto_increment, timestamp datetime(6) not null, user_id bigint not null, tier_classification varchar(50) not null, bio varchar(500) not null, behance_link varchar(255), facebook_link varchar(255), github_link varchar(255), instagram_link varchar(255), linkedin_link varchar(255), portfolio varchar(255) not null, snapchat_link varchar(255), specialties varchar(255) not null, whatsapp_link varchar(255), youtube_link varchar(255), primary key (creator_id)) engine=InnoDB
Hibernate: create table custom_order (price float(53) not null, quantity integer not null, id bigint not null auto_increment, order_date datetime(6), payment_id bigint, user_id bigint, status enum ('CANCELED','CONFIRMED','PENDING'), primary key (id)) engine=InnoDB
Hibernate: create table donation (amount float(53) not null, anonymity_setting bit not null, campaign_id bigint, donation_id bigint not null auto_increment, store_id bigint not null, timestamp datetime(6) not null, user_id bigint not null, type varchar(50) not null, donor_message varchar(500), primary key (donation_id)) engine=InnoDB
Hibernate: create table donation_campaign (current_amount float(53) not null, goal float(53) not null, campaign_id bigint not null auto_increment, end_date datetime(6) not null, start_date datetime(6) not null, store_id bigint not null, timestamp datetime(6) not null, user_id bigint not null, status varchar(50) not null, title varchar(100) not null, description varchar(500) not null, cause varchar(255) not null, primary key (campaign_id)) engine=InnoDB
Hibernate: create table donor_reward (donation_id bigint not null, expiration_date datetime(6) not null, issuance_date datetime(6) not null, redemption_date datetime(6), reward_id bigint not null auto_increment, timestamp datetime(6) not null, redemption_code varchar(50), redemption_status varchar(50) not null, type varchar(50) not null, details varchar(500) not null, primary key (reward_id)) engine=InnoDB
Hibernate: create table event_participant (attended bit not null, id bigint not null auto_increment, timestamp datetime(6) not null, user_id bigint not null, virtual_event_id bigint not null, primary key (id)) engine=InnoDB
Hibernate: create table event_ticket (early_bird_pricing float(53), price float(53) not null, quantity_available integer not null, quantity_remaining integer not null, ticket_id bigint not null auto_increment, timestamp datetime(6) not null, virtual_event_id bigint not null, type varchar(50) not null, name varchar(100) not null, description varchar(500) not null, primary key (ticket_id)) engine=InnoDB
Hibernate: create table formation (certificate_available bit not null, duration integer not null, price float(53) not null, id bigint not null auto_increment, user_id bigint, course_title varchar(255), description varchar(255), language varchar(255), formation_category enum ('COOKING','HANDMADE','POTTERY','SEWING'), level enum ('ADVANCED','BEGINNER','INTERMEDIATE'), primary key (id)) engine=InnoDB
Hibernate: create table notification (date_published datetime(6), id bigint not null auto_increment, content varchar(255), primary key (id)) engine=InnoDB
Hibernate: create table notification_users (notifications_id bigint not null, users_id bigint not null) engine=InnoDB
Hibernate: create table offer (discount float(53) not null, end_date datetime(6) not null, id bigint not null auto_increment, start_date datetime(6) not null, user_id bigint not null, name varchar(150) not null, description varchar(500) not null, offer enum ('BUYERSERVICE','INVESTORSERVICE','SELLERSERVICE') not null, primary key (id)) engine=InnoDB
Hibernate: create table order_product (order_id bigint not null, product_id bigint not null) engine=InnoDB
Hibernate: create table payment (amount float(53) not null, id bigint not null auto_increment, transaction_date datetime(6), status enum ('CASHONDELIVER','CREDITCARD','PAYPAL'), primary key (id)) engine=InnoDB
Hibernate: create table product (has_discount bit not null, price float(53) not null, stock_quantity integer not null, created_at datetime(6), product_id bigint not null auto_increment, store_id bigint, updated_at datetime(6), product_name varchar(100) not null, description varchar(500), category enum ('ART_PAINTINGS','BOOKS_STATIONERY','CLOTHING_ACCESSORIES','CRAFTS_DIY','DIGITAL_PRODUCTS','ECO_FRIENDLY','HANDMADE_JEWELRY','HEALTH_WELLNESS','HOME_DECOR','LOCAL_FOODS','PET_SUPPLIES','POTTERY_CERAMICS','TEXTILES_FABRICS','TOYS_GAMES','VINTAGE_ANTIQUES'), primary key (product_id)) engine=InnoDB
Hibernate: create table product_images (product_product_id bigint not null, images varchar(255)) engine=InnoDB
Hibernate: create table proposal_perso (price float(23) not null, delivery_time datetime(6), id bigint not null auto_increment, request_perso_id bigint, description varchar(255), image varchar(255), title varchar(255), primary key (id)) engine=InnoDB
Hibernate: create table question (id bigint not null auto_increment, quiz_id bigint, question varchar(255), question_type enum ('FREETEXT','MULTIPLECHOICE','SINGLECHOICE'), primary key (id)) engine=InnoDB
Hibernate: create table quiz (score integer not null, id bigint not null auto_increment, user_id bigint, description varchar(255), title varchar(255), primary key (id)) engine=InnoDB
Hibernate: create table request_perso (max_price float(23) not null, min_price float(23) not null, delivery_time datetime(6), id bigint not null auto_increment, user_id bigint, description varchar(255), image varchar(255), title varchar(255), primary key (id)) engine=InnoDB
Hibernate: create table response (id bigint not null auto_increment, question_id bigint, response varchar(255), primary key (id)) engine=InnoDB
Hibernate: create table store (status bit not null, created_at datetime(6), store_id bigint not null auto_increment, updated_at datetime(6), user_id bigint, store_name varchar(100) not null, description varchar(500), address varchar(255) not null, image varchar(255), category enum ('ART_PAINTINGS','BOOKS_STATIONERY','CLOTHING_ACCESSORIES','CRAFTS_DIY','DIGITAL_PRODUCTS','ECO_FRIENDLY','HANDMADE_JEWELRY','HEALTH_WELLNESS','HOME_DECOR','LOCAL_FOODS','PET_SUPPLIES','POTTERY_CERAMICS','TEXTILES_FABRICS','TOYS_GAMES','VINTAGE_ANTIQUES'), primary key (store_id)) engine=InnoDB
Hibernate: create table store_feedback (rating integer not null check ((rating>=1) and (rating<=5)), would_recommend bit not null, created_at datetime(6), store_feedback_id bigint not null auto_increment, store_id bigint, user_id bigint, comment varchar(1000) not null, store_feedback_type enum ('CUSTOMER_SERVICE','DELIVERY','PACKAGING','PRICING','PRODUCT_QUALITY'), primary key (store_feedback_id)) engine=InnoDB
Hibernate: create table user (enabled bit not null, is_active bit not null, points integer not null check (points>=0), status bit not null, id bigint not null auto_increment, registration_date datetime(6), firstname varchar(100) not null, lastname varchar(100) not null, name varchar(100) not null, email varchar(150) not null, address varchar(255), image varchar(255), password varchar(255) not null, phone varchar(255), verification_token varchar(255), role enum ('ADMIN','INVESTOR','SELLER','USER') not null, primary key (id)) engine=InnoDB
Hibernate: create table virtual_event (ticket_price float(53) not null, event_date datetime(6) not null, event_id bigint not null auto_increment, store_id bigint not null, timestamp datetime(6) not null, user_id bigint, event_type varchar(50) not null, status varchar(50) not null, title varchar(100) not null, description varchar(500) not null, primary key (event_id)) engine=InnoDB
Hibernate: alter table creator add constraint UK1amocvpv0jk67vf4y0vvnjsn7 unique (user_id)
Hibernate: alter table custom_order add constraint UK3r6f9cssx01oxl4wyf08tveut unique (payment_id)
Hibernate: alter table donor_reward add constraint UKor58fyt2kuvtjyk9regbk9ce9 unique (donation_id)
Hibernate: alter table event_participant add constraint UKt535sbhu3g9xxlk6gdd03enog unique (user_id)
Hibernate: alter table quiz add constraint UKd53kb8xwlqvh3482q9cond5qp unique (user_id)
Hibernate: alter table user add constraint UKob8kqyqqgmefl0aco34akdtpe unique (email)
Hibernate: alter table advertisement add constraint FKlc8246b7b883gh953fosxl6o0 foreign key (creator_id) references creator (creator_id)
Hibernate: alter table advertisement add constraint FKbg661exossj2wx8tww3099nkj foreign key (store_id) references store (store_id)
Hibernate: alter table advertisement_images add constraint FKkwn6stwa2iyvqyctpoikpn61i foreign key (advertisement_ad_id) references advertisement (ad_id)
Hibernate: alter table blog_post add constraint FK7vg0q5xiixc6i1m14dx0h5n49 foreign key (user_id) references user (id)
Hibernate: alter table comment add constraint FKohk8fcecowxj55oas8aw8njl1 foreign key (blog_post_id) references blog_post (id)
Hibernate: alter table comment add constraint FKhvh0e2ybgg16bpu229a5teje7 foreign key (parent_comment_id) references comment (id)
Hibernate: alter table comment add constraint FK8kcum44fvpupyw6f5baccx25c foreign key (user_id) references user (id)
Hibernate: alter table creator add constraint FK17see319eydtuufy6pcwkexls foreign key (user_id) references user (id)
Hibernate: alter table custom_order add constraint FK2sfv9s4gvqvwah6eqxvkp2gq7 foreign key (payment_id) references payment (id)
Hibernate: alter table custom_order add constraint FK80880p7a5fux4uqir228583px foreign key (user_id) references user (id)
Hibernate: alter table donation add constraint FKacgxl0ekdjv07alhn27t6gfq foreign key (campaign_id) references donation_campaign (campaign_id)
Hibernate: alter table donation add constraint FK1ad6q05g0du7naqhu1vulpcem foreign key (store_id) references store (store_id)
Hibernate: alter table donation add constraint FK2rx4oikd7rs8ddja8k9xc25my foreign key (user_id) references user (id)
Hibernate: alter table donation_campaign add constraint FKnwj3f30rxkmjpjn3cut0lysba foreign key (store_id) references store (store_id)
Hibernate: alter table donation_campaign add constraint FKqq6mvtdgbjtkgxeocpatjsfo7 foreign key (user_id) references user (id)
Hibernate: alter table donor_reward add constraint FKeutmcahuxhk8wc4q416koia1n foreign key (donation_id) references donation (donation_id)
Hibernate: alter table event_participant add constraint FKhwcglexuoexhrbe9728pn6jqb foreign key (user_id) references user (id)
Hibernate: alter table event_participant add constraint FKjdp1ragarm4g3hw8cmpyg2dks foreign key (virtual_event_id) references virtual_event (event_id)
Hibernate: alter table event_ticket add constraint FKm0e11ys126t72i100bc6n5g0d foreign key (virtual_event_id) references virtual_event (event_id)
Hibernate: alter table formation add constraint FKe0ycl23hfhch3dfdg3uehwhdt foreign key (user_id) references user (id)
Hibernate: alter table notification_users add constraint FK1d63mdcn4g9nwnxmnbr6yhrii foreign key (users_id) references user (id)
Hibernate: alter table notification_users add constraint FKelmgqt2scbo9m72urw21d4kpa foreign key (notifications_id) references notification (id)
Hibernate: alter table offer add constraint FKo0rdvexlxmyakcvw8b5aqidlk foreign key (user_id) references user (id)
Hibernate: alter table order_product add constraint FKhnfgqyjx3i80qoymrssls3kno foreign key (product_id) references product (product_id)
Hibernate: alter table order_product add constraint FK7yu5is00od0guwxrbmho1q453 foreign key (order_id) references custom_order (id)
Hibernate: alter table product add constraint FKjlfidudl1gwqem0flrlomvlcl foreign key (store_id) references store (store_id)
Hibernate: alter table product_images add constraint FKhrvh0hklwgllpdjlra6hx7p9u foreign key (product_product_id) references product (product_id)
Hibernate: alter table proposal_perso add constraint FKk278en1hl5wygir7p8y9ceg7k foreign key (request_perso_id) references request_perso (id)
Hibernate: alter table question add constraint FKb0yh0c1qaxfwlcnwo9dms2txf foreign key (quiz_id) references quiz (id)
Hibernate: alter table quiz add constraint FK1tofsm1qynhakggx7ttqh8ihu foreign key (user_id) references user (id)
Hibernate: alter table request_perso add constraint FKfitb2vyvn0gxatcytji2axksh foreign key (user_id) references user (id)
Hibernate: alter table response add constraint FK3e7adco6sq6onricr8s3glu62 foreign key (question_id) references question (id)
Hibernate: alter table store add constraint FKn82wpcqrb21yddap4s3ttwnxj foreign key (user_id) references user (id)
Hibernate: alter table store_feedback add constraint FKn1psembv5g5qsfh62lloil5n0 foreign key (store_id) references store (store_id)
Hibernate: alter table store_feedback add constraint FKpwaefliewstt32dhnanbdu183 foreign key (user_id) references user (id)
Hibernate: alter table virtual_event add constraint FKmwy5hawbrctcq3g3xqbj873mf foreign key (store_id) references store (store_id)
Hibernate: alter table virtual_event add constraint FKha82ok66way2x0xpybtsn0qk0 foreign key (user_id) references user (id)
2025-03-13T04:00:18.300+01:00  INFO 18440 --- [elvitrina-backend] [           main] j.LocalContainerEntityManagerFactoryBean : Initialized JPA EntityManagerFactory for persistence unit 'default'
2025-03-13T04:00:19.384+01:00  WARN 18440 --- [elvitrina-backend] [           main] JpaBaseConfiguration$JpaWebConfiguration : spring.jpa.open-in-view is enabled by default. Therefore, database queries may be performed during view rendering. Explicitly configure spring.jpa.open-in-view to disable this warning
2025-03-13T04:00:20.005+01:00  INFO 18440 --- [elvitrina-backend] [           main] c.s.e.ElvitrinaBackendApplicationTests   : Started ElvitrinaBackendApplicationTests in 9.966 seconds (process running for 11.341)
]]></system-out>
  </testcase>
</testsuite>